WARNING: You are using an unsupported version of ForgeGradle.
Please consider upgrading to ForgeGradle 4 and helping in the efforts to get old versions working on the modern toolchain.
See https://gist.github.com/TheCurle/fe7ad3ede188cbdd15c235cc75d52d4a for more info on contributing.
Version string 'unspecified' does not match SemVer specification 
You should try SemVer : http://semver.org/
:deobfCompileDummyTask
:deobfProvidedDummyTask
:sourceApiJava
:compileApiJava UP-TO-DATE
:processApiResources UP-TO-DATE
:apiClasses UP-TO-DATE
:sourceMainJava
:compileJavawarning: [options] bootstrap class path not set in conjunction with -source 1.6
Note: C:\Users\Kyle\Downloads\Hypermod\build\sources\main\java\io\github\Hypermnesiaa\hypermod\Hypermod.java uses or overrides a deprecated API.
Note: Recompile with -Xlint:deprecation for details.
1 warning

:processResources
:classes
:jar
:sourceTestJava
:compileTestJava UP-TO-DATE
:processTestResources UP-TO-DATE
:testClasses UP-TO-DATE
:test UP-TO-DATE
:extractMcpData SKIPPED
:extractMcpMappings SKIPPED
:getVersionJson
:extractUserdev UP-TO-DATE
:genSrgs SKIPPED
:reobfJar
:extractRangemapReplacedMain
C:\Users\Kyle\Downloads\Hypermod\build\sources\main\java
:retromapReplacedMain
remapping source...
:sourceJar
:assemble
:check UP-TO-DATE
:build

BUILD SUCCESSFUL

Total time: 17.501 secs
