[01:41:41] [Client thread/INFO]: Setting user: Player623
[01:41:47] [Client thread/INFO]: LWJGL Version: 2.9.4
[01:41:56] [Client thread/INFO]: Reloading ResourceManager: Default, FMLFileResourcePack:Forge Mod Loader, FMLFileResourcePack:Minecraft Forge, FMLFileResourcePack:Hypermod
[01:41:56] [Sound Library Loader/INFO]: Starting up SoundSystem...
[01:41:57] [Thread-9/INFO]: Initializing LWJGL OpenAL
[01:41:57] [Thread-9/INFO]: (The LWJGL binding of OpenAL.  For more information, see http://www.lwjgl.org)
[01:41:57] [Thread-9/INFO]: OpenAL initialized.
[01:41:57] [Sound Library Loader/INFO]: Sound engine started
[01:42:13] [Client thread/INFO]: Created: 16x16 textures-atlas
[01:42:17] [Client thread/INFO]: Reloading ResourceManager: Default, FMLFileResourcePack:Forge Mod Loader, FMLFileResourcePack:Minecraft Forge, FMLFileResourcePack:Hypermod
[01:42:17] [Client thread/INFO]: SoundSystem shutting down...
[01:42:17] [Client thread/WARN]: Author: Paul Lamb, www.paulscode.com
[01:42:17] [Sound Library Loader/INFO]: Starting up SoundSystem...
[01:42:18] [Thread-11/INFO]: Initializing LWJGL OpenAL
[01:42:18] [Thread-11/INFO]: (The LWJGL binding of OpenAL.  For more information, see http://www.lwjgl.org)
[01:42:18] [Thread-11/INFO]: OpenAL initialized.
[01:42:18] [Sound Library Loader/INFO]: Sound engine started
[01:42:34] [Client thread/INFO]: Created: 512x512 textures-atlas
[01:42:46] [Server thread/INFO]: Starting integrated minecraft server version 1.8.9
[01:42:46] [Server thread/INFO]: Generating keypair
[01:42:47] [Server thread/INFO]: Preparing start region for level 0
[01:42:48] [Server thread/INFO]: Preparing spawn area: 11%
[01:42:49] [Server thread/INFO]: Preparing spawn area: 36%
[01:42:50] [Server thread/INFO]: Changing view distance to 2, from 10
[01:42:52] [Server thread/INFO]: Player623[local:E:6fb750b3] logged in with entity id 206 at (211.7285066233793, 68.34783796396769, 294.69999998807907)
[01:42:52] [Server thread/INFO]: Player623 joined the game
[01:42:56] [Server thread/INFO]: Saving and pausing game...
[01:42:56] [Server thread/INFO]: Saving chunks for level 'i test my stupid mod'/Overworld
[01:42:57] [Server thread/INFO]: Saving chunks for level 'i test my stupid mod'/Nether
[01:42:57] [Server thread/INFO]: Saving chunks for level 'i test my stupid mod'/The End
[01:43:45] [Client thread/INFO]: Stopping!
[01:43:45] [Client thread/INFO]: SoundSystem shutting down...
[01:43:45] [Server thread/INFO]: Stopping server
[01:43:45] [Server thread/INFO]: Saving players
[01:43:45] [Server thread/INFO]: Saving worlds
[01:43:45] [Server thread/INFO]: Saving chunks for level 'i test my stupid mod'/Overworld
[01:43:45] [Server thread/INFO]: Saving chunks for level 'i test my stupid mod'/Nether
[01:43:45] [Server thread/INFO]: Saving chunks for level 'i test my stupid mod'/The End
[01:43:45] [Client thread/WARN]: Author: Paul Lamb, www.paulscode.com
